<?xml version="1.0" encoding="UTF-8"?>
<robot generator="Robot 5.0.1 (Python 3.8.9 on darwin)" generated="20220725 17:26:34.187" rpa="false" schemaversion="3">
<suite id="s1" name="BasicSearch" source="/Users/jithin/PycharmProjects/python-robot/Tests/eBay/FunctionalTestSuite/BasicSearch.robot">
<test id="s1-t1" name="Verify basic search functionality for eBay" line="15">
<kw name="Start Test">
<kw name="Open Browser" library="SeleniumLibrary">
<arg>${URL}</arg>
<arg>${FIREFOX}</arg>
<doc>Opens a new browser instance to the optional ``url``.</doc>
<msg timestamp="20220725 17:26:34.263" level="INFO">Opening browser 'firefox' to base url 'https://www.ebay.com'.</msg>
<msg timestamp="20220725 17:26:34.264" level="INFO">Firefox driver log is always forced to to: /Users/jithin/PycharmProjects/python-robot/results/geckodriver-1.log</msg>
<status status="PASS" starttime="20220725 17:26:34.263" endtime="20220725 17:26:39.305"/>
</kw>
<kw name="Maximize Browser Window" library="SeleniumLibrary">
<doc>Maximizes current browser window.</doc>
<status status="PASS" starttime="20220725 17:26:39.306" endtime="20220725 17:26:39.913"/>
</kw>
<status status="PASS" starttime="20220725 17:26:34.263" endtime="20220725 17:26:39.914"/>
</kw>
<kw name="Verify Search Results">
<kw name="Input Text" library="SeleniumLibrary">
<arg>id:gh-ac</arg>
<arg>${SEARCH_KEYWORD}</arg>
<doc>Types the given ``text`` into the text field identified by ``locator``.</doc>
<msg timestamp="20220725 17:26:39.915" level="INFO">Typing text 'mobile' into text field 'id:gh-ac'.</msg>
<status status="PASS" starttime="20220725 17:26:39.914" endtime="20220725 17:26:39.948"/>
</kw>
<kw name="Press Keys" library="SeleniumLibrary">
<arg>id:gh-btn</arg>
<arg>RETURN</arg>
<doc>Simulates the user pressing key(s) to an element or on the active browser.</doc>
<msg timestamp="20220725 17:26:39.948" level="INFO">Sending key(s) ('RETURN',) to id:gh-btn element.</msg>
<msg timestamp="20220725 17:26:40.221" level="INFO">Pressing special key RETURN to element.</msg>
<msg timestamp="20220725 17:26:40.221" level="INFO">Releasing special key RETURN.</msg>
<status status="PASS" starttime="20220725 17:26:39.948" endtime="20220725 17:26:40.225"/>
</kw>
<kw name="Wait Until Page Contains" library="SeleniumLibrary">
<arg>${RESULT_STRING}</arg>
<doc>Waits until ``text`` appears on the current page.</doc>
<status status="PASS" starttime="20220725 17:26:40.225" endtime="20220725 17:26:41.270"/>
</kw>
<status status="PASS" starttime="20220725 17:26:39.914" endtime="20220725 17:26:41.270"/>
</kw>
<kw name="Finish TestCase">
<kw name="Close Browser" library="SeleniumLibrary">
<doc>Closes the current browser.</doc>
<status status="PASS" starttime="20220725 17:26:41.270" endtime="20220725 17:26:41.634"/>
</kw>
<status status="PASS" starttime="20220725 17:26:41.270" endtime="20220725 17:26:41.634"/>
</kw>
<doc>This test case verify the basic serach</doc>
<tag>Functional</tag>
<status status="PASS" starttime="20220725 17:26:34.262" endtime="20220725 17:26:41.635"/>
</test>
<doc>Basic Search Functionality</doc>
<status status="PASS" starttime="20220725 17:26:34.188" endtime="20220725 17:26:41.635"/>
</suite>
<statistics>
<total>
<stat pass="1" fail="0" skip="0">All Tests</stat>
</total>
<tag>
<stat pass="1" fail="0" skip="0">Functional</stat>
</tag>
<suite>
<stat pass="1" fail="0" skip="0" id="s1" name="BasicSearch">BasicSearch</stat>
</suite>
</statistics>
<errors>
</errors>
</robot>
